# JRE version: OpenJDK Runtime Environment Microsoft-10800203 (21.0.6+7) (build 21.0.6+7-LTS)
# Java VM: OpenJDK 64-Bit Server VM Microsoft-10800203 (21.0.6+7-LTS, mixed mode, sharing, tiered, compressed oops, compressed class ptrs, g1 gc, windows-amd64)
GC Precious Log:
 CardTable entry size: 512
 Card Set container configuration: InlinePtr #cards 4 size 8 Array Of Cards #cards 16 size 48 Howl #buckets 8 coarsen threshold 3686 Howl Bitmap #cards 512 size 80 coarsen threshold 460 Card regions per heap region 1 cards per card region 4096
 CPUs: 6 total, 6 available
 Memory: 16163M
 Large Page Support: Disabled
 NUMA Support: Disabled
 Compressed Oops: Enabled (Zero based)
 Heap Region Size: 2M
 Heap Min Capacity: 8M
 Heap Initial Capacity: 254M
 Heap Max Capacity: 4042M
 Pre-touch: Disabled
 Parallel Workers: 6
 Concurrent Workers: 2
 Concurrent Refinement Workers: 6
 Periodic GC: Disabled
Heap:
 garbage-first heap   total 77824K, used 46836K [0x0000000703600000, 0x0000000800000000)
  region size 2048K, 4 young (8192K), 2 survivors (4096K)
 Metaspace       used 75620K, committed 76352K, reserved 1114112K
  class space    used 10549K, committed 10880K, reserved 1048576K
GC Heap History (20 events):
Event: 3.604 GC heap before
{Heap before GC invocations=7 (full 0):
 garbage-first heap   total 55296K, used 35351K [0x0000000703600000, 0x0000000800000000)
  region size 2048K, 11 young (22528K), 2 survivors (4096K)
 Metaspace       used 35564K, committed 36096K, reserved 1114112K
  class space    used 4509K, committed 4736K, reserved 1048576K
}
Event: 3.612 GC heap after
{Heap after GC invocations=8 (full 0):
 garbage-first heap   total 157696K, used 22528K [0x0000000703600000, 0x0000000800000000)
  region size 2048K, 1 young (2048K), 1 survivors (2048K)
 Metaspace       used 35564K, committed 36096K, reserved 1114112K
  class space    used 4509K, committed 4736K, reserved 1048576K
}
Event: 5.025 GC heap before
{Heap before GC invocations=9 (full 0):
 garbage-first heap   total 75776K, used 63488K [0x0000000703600000, 0x0000000800000000)
  region size 2048K, 22 young (45056K), 1 survivors (2048K)
 Metaspace       used 47858K, committed 48448K, reserved 1114112K
  class space    used 6273K, committed 6528K, reserved 1048576K
}
Event: 5.034 GC heap after
{Heap after GC invocations=10 (full 0):
 garbage-first heap   total 75776K, used 24994K [0x0000000703600000, 0x0000000800000000)
  region size 2048K, 3 young (6144K), 3 survivors (6144K)
 Metaspace       used 47858K, committed 48448K, reserved 1114112K
  class space    used 6273K, committed 6528K, reserved 1048576K
}
Event: 5.815 GC heap before
{Heap before GC invocations=10 (full 0):
 garbage-first heap   total 75776K, used 61858K [0x0000000703600000, 0x0000000800000000)
  region size 2048K, 21 young (43008K), 3 survivors (6144K)
 Metaspace       used 57779K, committed 58432K, reserved 1114112K
  class space    used 7765K, committed 8064K, reserved 1048576K
}
Event: 5.827 GC heap after
{Heap after GC invocations=11 (full 0):
 garbage-first heap   total 75776K, used 26419K [0x0000000703600000, 0x0000000800000000)
  region size 2048K, 3 young (6144K), 3 survivors (6144K)
 Metaspace       used 57779K, committed 58432K, reserved 1114112K
  class space    used 7765K, committed 8064K, reserved 1048576K
}
Event: 5.957 GC heap before
{Heap before GC invocations=11 (full 0):
 garbage-first heap   total 75776K, used 32563K [0x0000000703600000, 0x0000000800000000)
  region size 2048K, 7 young (14336K), 3 survivors (6144K)
 Metaspace       used 59657K, committed 60288K, reserved 1114112K
  class space    used 8038K, committed 8320K, reserved 1048576K
}
Event: 5.963 GC heap after
{Heap after GC invocations=12 (full 0):
 garbage-first heap   total 75776K, used 27018K [0x0000000703600000, 0x0000000800000000)
  region size 2048K, 2 young (4096K), 2 survivors (4096K)
 Metaspace       used 59657K, committed 60288K, reserved 1114112K
  class space    used 8038K, committed 8320K, reserved 1048576K
}
Event: 6.793 GC heap before
{Heap before GC invocations=13 (full 0):
 garbage-first heap   total 75776K, used 63882K [0x0000000703600000, 0x0000000800000000)
  region size 2048K, 20 young (40960K), 2 survivors (4096K)
 Metaspace       used 65940K, committed 66624K, reserved 1114112K
  class space    used 9057K, committed 9344K, reserved 1048576K
}
Event: 6.799 GC heap after
{Heap after GC invocations=14 (full 0):
 garbage-first heap   total 75776K, used 29930K [0x0000000703600000, 0x0000000800000000)
  region size 2048K, 3 young (6144K), 3 survivors (6144K)
 Metaspace       used 65940K, committed 66624K, reserved 1114112K
  class space    used 9057K, committed 9344K, reserved 1048576K
}
Event: 7.012 GC heap before
{Heap before GC invocations=14 (full 0):
 garbage-first heap   total 75776K, used 60650K [0x0000000703600000, 0x0000000800000000)
  region size 2048K, 19 young (38912K), 3 survivors (6144K)
 Metaspace       used 67825K, committed 68480K, reserved 1114112K
  class space    used 9441K, committed 9728K, reserved 1048576K
}
Event: 7.021 GC heap after
{Heap after GC invocations=15 (full 0):
 garbage-first heap   total 75776K, used 30724K [0x0000000703600000, 0x0000000800000000)
  region size 2048K, 3 young (6144K), 3 survivors (6144K)
 Metaspace       used 67825K, committed 68480K, reserved 1114112K
  class space    used 9441K, committed 9728K, reserved 1048576K
}
Event: 7.093 GC heap before
{Heap before GC invocations=15 (full 0):
 garbage-first heap   total 75776K, used 61444K [0x0000000703600000, 0x0000000800000000)
  region size 2048K, 18 young (36864K), 3 survivors (6144K)
 Metaspace       used 67831K, committed 68544K, reserved 1114112K
  class space    used 9441K, committed 9728K, reserved 1048576K
}
Event: 7.099 GC heap after
{Heap after GC invocations=16 (full 0):
 garbage-first heap   total 75776K, used 31110K [0x0000000703600000, 0x0000000800000000)
  region size 2048K, 1 young (2048K), 1 survivors (2048K)
 Metaspace       used 67831K, committed 68544K, reserved 1114112K
  class space    used 9441K, committed 9728K, reserved 1048576K
}
Event: 7.153 GC heap before
{Heap before GC invocations=16 (full 0):
 garbage-first heap   total 75776K, used 65926K [0x0000000703600000, 0x0000000800000000)
  region size 2048K, 18 young (36864K), 1 survivors (2048K)
 Metaspace       used 67840K, committed 68544K, reserved 1114112K
  class space    used 9441K, committed 9728K, reserved 1048576K
}
Event: 7.164 GC heap after
{Heap after GC invocations=17 (full 0):
 garbage-first heap   total 77824K, used 39679K [0x0000000703600000, 0x0000000800000000)
  region size 2048K, 3 young (6144K), 3 survivors (6144K)
 Metaspace       used 67840K, committed 68544K, reserved 1114112K
  class space    used 9441K, committed 9728K, reserved 1048576K
}
Event: 7.849 GC heap before
{Heap before GC invocations=18 (full 0):
 garbage-first heap   total 77824K, used 64255K [0x0000000703600000, 0x0000000800000000)
  region size 2048K, 15 young (30720K), 3 survivors (6144K)
 Metaspace       used 71908K, committed 72640K, reserved 1114112K
  class space    used 10032K, committed 10368K, reserved 1048576K
}
Event: 7.854 GC heap after
{Heap after GC invocations=19 (full 0):
 garbage-first heap   total 77824K, used 42584K [0x0000000703600000, 0x0000000800000000)
  region size 2048K, 2 young (4096K), 2 survivors (4096K)
 Metaspace       used 71908K, committed 72640K, reserved 1114112K
  class space    used 10032K, committed 10368K, reserved 1048576K
}
Event: 9.447 GC heap before
{Heap before GC invocations=19 (full 0):
 garbage-first heap   total 77824K, used 65112K [0x0000000703600000, 0x0000000800000000)
  region size 2048K, 13 young (26624K), 2 survivors (4096K)
 Metaspace       used 75379K, committed 76096K, reserved 1114112K
  class space    used 10510K, committed 10816K, reserved 1048576K
}
Event: 9.452 GC heap after
{Heap after GC invocations=20 (full 0):
 garbage-first heap   total 77824K, used 44788K [0x0000000703600000, 0x0000000800000000)
  region size 2048K, 2 young (4096K), 2 survivors (4096K)
 Metaspace       used 75379K, committed 76096K, reserved 1114112K
  class space    used 10510K, committed 10816K, reserved 1048576K
}

