# JRE version: OpenJDK Runtime Environment Microsoft-10800203 (21.0.6+7) (build 21.0.6+7-LTS)
# Java VM: OpenJDK 64-Bit Server VM Microsoft-10800203 (21.0.6+7-LTS, mixed mode, sharing, tiered, compressed oops, compressed class ptrs, g1 gc, windows-amd64)
GC Precious Log:
 CardTable entry size: 512
 Card Set container configuration: InlinePtr #cards 4 size 8 Array Of Cards #cards 16 size 48 Howl #buckets 8 coarsen threshold 3686 Howl Bitmap #cards 512 size 80 coarsen threshold 460 Card regions per heap region 1 cards per card region 4096
 CPUs: 6 total, 6 available
 Memory: 16163M
 Large Page Support: Disabled
 NUMA Support: Disabled
 Compressed Oops: Enabled (Zero based)
 Heap Region Size: 2M
 Heap Min Capacity: 8M
 Heap Initial Capacity: 254M
 Heap Max Capacity: 4042M
 Pre-touch: Disabled
 Parallel Workers: 6
 Concurrent Workers: 2
 Concurrent Refinement Workers: 6
 Periodic GC: Disabled
Heap:
 garbage-first heap   total 157696K, used 53797K [0x0000000703600000, 0x0000000800000000)
  region size 2048K, 18 young (36864K), 2 survivors (4096K)
 Metaspace       used 50121K, committed 50688K, reserved 1114112K
  class space    used 6552K, committed 6848K, reserved 1048576K
GC Heap History (16 events):
Event: 0.402 GC heap before
{Heap before GC invocations=0 (full 0):
 garbage-first heap   total 260096K, used 18432K [0x0000000703600000, 0x0000000800000000)
  region size 2048K, 10 young (20480K), 0 survivors (0K)
 Metaspace       used 4441K, committed 4608K, reserved 1114112K
  class space    used 503K, committed 576K, reserved 1048576K
}
Event: 0.405 GC heap after
{Heap after GC invocations=1 (full 0):
 garbage-first heap   total 260096K, used 7819K [0x0000000703600000, 0x0000000800000000)
  region size 2048K, 2 young (4096K), 2 survivors (4096K)
 Metaspace       used 4441K, committed 4608K, reserved 1114112K
  class space    used 503K, committed 576K, reserved 1048576K
}
Event: 0.701 GC heap before
{Heap before GC invocations=1 (full 0):
 garbage-first heap   total 260096K, used 28299K [0x0000000703600000, 0x0000000800000000)
  region size 2048K, 12 young (24576K), 2 survivors (4096K)
 Metaspace       used 10237K, committed 10560K, reserved 1114112K
  class space    used 1315K, committed 1472K, reserved 1048576K
}
Event: 0.704 GC heap after
{Heap after GC invocations=2 (full 0):
 garbage-first heap   total 260096K, used 9553K [0x0000000703600000, 0x0000000800000000)
  region size 2048K, 1 young (2048K), 1 survivors (2048K)
 Metaspace       used 10237K, committed 10560K, reserved 1114112K
  class space    used 1315K, committed 1472K, reserved 1048576K
}
Event: 1.113 GC heap before
{Heap before GC invocations=2 (full 0):
 garbage-first heap   total 260096K, used 52561K [0x0000000703600000, 0x0000000800000000)
  region size 2048K, 24 young (49152K), 1 survivors (2048K)
 Metaspace       used 21158K, committed 21504K, reserved 1114112K
  class space    used 2684K, committed 2816K, reserved 1048576K
}
Event: 1.117 GC heap after
{Heap after GC invocations=3 (full 0):
 garbage-first heap   total 260096K, used 13965K [0x0000000703600000, 0x0000000800000000)
  region size 2048K, 4 young (8192K), 4 survivors (8192K)
 Metaspace       used 21158K, committed 21504K, reserved 1114112K
  class space    used 2684K, committed 2816K, reserved 1048576K
}
Event: 1.448 GC heap before
{Heap before GC invocations=4 (full 0):
 garbage-first heap   total 55296K, used 38541K [0x0000000703600000, 0x0000000800000000)
  region size 2048K, 16 young (32768K), 4 survivors (8192K)
 Metaspace       used 23911K, committed 24320K, reserved 1114112K
  class space    used 3030K, committed 3200K, reserved 1048576K
}
Event: 1.454 GC heap after
{Heap after GC invocations=5 (full 0):
 garbage-first heap   total 55296K, used 16275K [0x0000000703600000, 0x0000000800000000)
  region size 2048K, 2 young (4096K), 2 survivors (4096K)
 Metaspace       used 23911K, committed 24320K, reserved 1114112K
  class space    used 3030K, committed 3200K, reserved 1048576K
}
Event: 1.896 GC heap before
{Heap before GC invocations=5 (full 0):
 garbage-first heap   total 55296K, used 36755K [0x0000000703600000, 0x0000000800000000)
  region size 2048K, 12 young (24576K), 2 survivors (4096K)
 Metaspace       used 26990K, committed 27392K, reserved 1114112K
  class space    used 3414K, committed 3584K, reserved 1048576K
}
Event: 1.901 GC heap after
{Heap after GC invocations=6 (full 0):
 garbage-first heap   total 55296K, used 17543K [0x0000000703600000, 0x0000000800000000)
  region size 2048K, 1 young (2048K), 1 survivors (2048K)
 Metaspace       used 26990K, committed 27392K, reserved 1114112K
  class space    used 3414K, committed 3584K, reserved 1048576K
}
Event: 2.783 GC heap before
{Heap before GC invocations=6 (full 0):
 garbage-first heap   total 55296K, used 40071K [0x0000000703600000, 0x0000000800000000)
  region size 2048K, 12 young (24576K), 1 survivors (2048K)
 Metaspace       used 31226K, committed 31744K, reserved 1114112K
  class space    used 4027K, committed 4288K, reserved 1048576K
}
Event: 2.789 GC heap after
{Heap after GC invocations=7 (full 0):
 garbage-first heap   total 55296K, used 19762K [0x0000000703600000, 0x0000000800000000)
  region size 2048K, 2 young (4096K), 2 survivors (4096K)
 Metaspace       used 31226K, committed 31744K, reserved 1114112K
  class space    used 4027K, committed 4288K, reserved 1048576K
}
Event: 3.465 GC heap before
{Heap before GC invocations=7 (full 0):
 garbage-first heap   total 55296K, used 36146K [0x0000000703600000, 0x0000000800000000)
  region size 2048K, 12 young (24576K), 2 survivors (4096K)
 Metaspace       used 35564K, committed 36096K, reserved 1114112K
  class space    used 4506K, committed 4736K, reserved 1048576K
}
Event: 3.473 GC heap after
{Heap after GC invocations=8 (full 0):
 garbage-first heap   total 55296K, used 21515K [0x0000000703600000, 0x0000000800000000)
  region size 2048K, 1 young (2048K), 1 survivors (2048K)
 Metaspace       used 35564K, committed 36096K, reserved 1114112K
  class space    used 4506K, committed 4736K, reserved 1048576K
}
Event: 3.950 GC heap before
{Heap before GC invocations=9 (full 0):
 garbage-first heap   total 55296K, used 44043K [0x0000000703600000, 0x0000000800000000)
  region size 2048K, 12 young (24576K), 1 survivors (2048K)
 Metaspace       used 41213K, committed 41792K, reserved 1114112K
  class space    used 5435K, committed 5696K, reserved 1048576K
}
Event: 3.954 GC heap after
{Heap after GC invocations=10 (full 0):
 garbage-first heap   total 157696K, used 23077K [0x0000000703600000, 0x0000000800000000)
  region size 2048K, 2 young (4096K), 2 survivors (4096K)
 Metaspace       used 41213K, committed 41792K, reserved 1114112K
  class space    used 5435K, committed 5696K, reserved 1048576K
}

