# JRE version: OpenJDK Runtime Environment Temurin-21.0.8+9 (21.0.8+9) (build 21.0.8+9-LTS)
# Java VM: OpenJDK 64-Bit Server VM Temurin-21.0.8+9 (21.0.8+9-LTS, mixed mode, sharing, tiered, compressed oops, compressed class ptrs, parallel gc, windows-amd64)
GC Precious Log:
 CardTable entry size: 512
 CPUs: 6 total, 6 available
 Memory: 16163M
 Large Page Support: Disabled
 NUMA Support: Disabled
 Compressed Oops: Enabled (32-bit)
 Alignments: Space 512K, Generation 512K, Heap 2M
 Heap Min Capacity: 100M
 Heap Initial Capacity: 100M
 Heap Max Capacity: 2G
 Pre-touch: Disabled
 Parallel Workers: 6
Heap:
 PSYoungGen      total 3072K, used 697K [0x00000000d5580000, 0x00000000d5a80000, 0x0000000100000000)
  eden space 2560K, 19% used [0x00000000d5580000,0x00000000d55fa608,0x00000000d5800000)
  from space 512K, 40% used [0x00000000d5980000,0x00000000d59b4010,0x00000000d5a00000)
  to   space 512K, 0% used [0x00000000d5a00000,0x00000000d5a00000,0x00000000d5a80000)
 ParOldGen       total 1052160K, used 1051816K [0x0000000080000000, 0x00000000c0380000, 0x00000000d5580000)
  object space 1052160K, 99% used [0x0000000080000000,0x00000000c032a230,0x00000000c0380000)
 Metaspace       used 96785K, committed 98816K, reserved 1179648K
  class space    used 9874K, committed 10752K, reserved 1048576K
GC Heap History (20 events):
Event: 1006.376 GC heap before
{Heap before GC invocations=2971 (full 5):
 PSYoungGen      total 3072K, used 2718K [0x00000000d5580000, 0x00000000d5a80000, 0x0000000100000000)
  eden space 2560K, 99% used [0x00000000d5580000,0x00000000d57ffab8,0x00000000d5800000)
  from space 512K, 31% used [0x00000000d5980000,0x00000000d59a8000,0x00000000d5a00000)
  to   space 512K, 0% used [0x00000000d5a00000,0x00000000d5a00000,0x00000000d5a80000)
 ParOldGen       total 1051648K, used 1051216K [0x0000000080000000, 0x00000000c0300000, 0x00000000d5580000)
  object space 1051648K, 99% used [0x0000000080000000,0x00000000c0294220,0x00000000c0300000)
 Metaspace       used 96780K, committed 98816K, reserved 1179648K
  class space    used 9874K, committed 10752K, reserved 1048576K
}
Event: 1006.378 GC heap after
{Heap after GC invocations=2971 (full 5):
 PSYoungGen      total 3072K, used 290K [0x00000000d5580000, 0x00000000d5a80000, 0x0000000100000000)
  eden space 2560K, 0% used [0x00000000d5580000,0x00000000d5580000,0x00000000d5800000)
  from space 512K, 56% used [0x00000000d5a00000,0x00000000d5a48938,0x00000000d5a80000)
  to   space 512K, 0% used [0x00000000d5980000,0x00000000d5980000,0x00000000d5a00000)
 ParOldGen       total 1051648K, used 1051288K [0x0000000080000000, 0x00000000c0300000, 0x00000000d5580000)
  object space 1051648K, 99% used [0x0000000080000000,0x00000000c02a6220,0x00000000c0300000)
 Metaspace       used 96780K, committed 98816K, reserved 1179648K
  class space    used 9874K, committed 10752K, reserved 1048576K
}
Event: 1006.388 GC heap before
{Heap before GC invocations=2972 (full 5):
 PSYoungGen      total 3072K, used 2788K [0x00000000d5580000, 0x00000000d5a80000, 0x0000000100000000)
  eden space 2560K, 97% used [0x00000000d5580000,0x00000000d57f0960,0x00000000d5800000)
  from space 512K, 56% used [0x00000000d5a00000,0x00000000d5a48938,0x00000000d5a80000)
  to   space 512K, 0% used [0x00000000d5980000,0x00000000d5980000,0x00000000d5a00000)
 ParOldGen       total 1051648K, used 1051288K [0x0000000080000000, 0x00000000c0300000, 0x00000000d5580000)
  object space 1051648K, 99% used [0x0000000080000000,0x00000000c02a6220,0x00000000c0300000)
 Metaspace       used 96780K, committed 98816K, reserved 1179648K
  class space    used 9874K, committed 10752K, reserved 1048576K
}
Event: 1006.391 GC heap after
{Heap after GC invocations=2972 (full 5):
 PSYoungGen      total 3072K, used 128K [0x00000000d5580000, 0x00000000d5a80000, 0x0000000100000000)
  eden space 2560K, 0% used [0x00000000d5580000,0x00000000d5580000,0x00000000d5800000)
  from space 512K, 25% used [0x00000000d5980000,0x00000000d59a0000,0x00000000d5a00000)
  to   space 512K, 0% used [0x00000000d5a00000,0x00000000d5a00000,0x00000000d5a80000)
 ParOldGen       total 1051648K, used 1051448K [0x0000000080000000, 0x00000000c0300000, 0x00000000d5580000)
  object space 1051648K, 99% used [0x0000000080000000,0x00000000c02ce230,0x00000000c0300000)
 Metaspace       used 96780K, committed 98816K, reserved 1179648K
  class space    used 9874K, committed 10752K, reserved 1048576K
}
Event: 1006.402 GC heap before
{Heap before GC invocations=2973 (full 5):
 PSYoungGen      total 3072K, used 2688K [0x00000000d5580000, 0x00000000d5a80000, 0x0000000100000000)
  eden space 2560K, 100% used [0x00000000d5580000,0x00000000d5800000,0x00000000d5800000)
  from space 512K, 25% used [0x00000000d5980000,0x00000000d59a0000,0x00000000d5a00000)
  to   space 512K, 0% used [0x00000000d5a00000,0x00000000d5a00000,0x00000000d5a80000)
 ParOldGen       total 1051648K, used 1051448K [0x0000000080000000, 0x00000000c0300000, 0x00000000d5580000)
  object space 1051648K, 99% used [0x0000000080000000,0x00000000c02ce230,0x00000000c0300000)
 Metaspace       used 96780K, committed 98816K, reserved 1179648K
  class space    used 9874K, committed 10752K, reserved 1048576K
}
Event: 1006.404 GC heap after
{Heap after GC invocations=2973 (full 5):
 PSYoungGen      total 3072K, used 355K [0x00000000d5580000, 0x00000000d5a80000, 0x0000000100000000)
  eden space 2560K, 0% used [0x00000000d5580000,0x00000000d5580000,0x00000000d5800000)
  from space 512K, 69% used [0x00000000d5a00000,0x00000000d5a58e20,0x00000000d5a80000)
  to   space 512K, 0% used [0x00000000d5980000,0x00000000d5980000,0x00000000d5a00000)
 ParOldGen       total 1051648K, used 1051480K [0x0000000080000000, 0x00000000c0300000, 0x00000000d5580000)
  object space 1051648K, 99% used [0x0000000080000000,0x00000000c02d6230,0x00000000c0300000)
 Metaspace       used 96780K, committed 98816K, reserved 1179648K
  class space    used 9874K, committed 10752K, reserved 1048576K
}
Event: 1006.428 GC heap before
{Heap before GC invocations=2974 (full 5):
 PSYoungGen      total 3072K, used 2915K [0x00000000d5580000, 0x00000000d5a80000, 0x0000000100000000)
  eden space 2560K, 100% used [0x00000000d5580000,0x00000000d5800000,0x00000000d5800000)
  from space 512K, 69% used [0x00000000d5a00000,0x00000000d5a58e20,0x00000000d5a80000)
  to   space 512K, 0% used [0x00000000d5980000,0x00000000d5980000,0x00000000d5a00000)
 ParOldGen       total 1051648K, used 1051480K [0x0000000080000000, 0x00000000c0300000, 0x00000000d5580000)
  object space 1051648K, 99% used [0x0000000080000000,0x00000000c02d6230,0x00000000c0300000)
 Metaspace       used 96780K, committed 98816K, reserved 1179648K
  class space    used 9874K, committed 10752K, reserved 1048576K
}
Event: 1006.430 GC heap after
{Heap after GC invocations=2974 (full 5):
 PSYoungGen      total 3072K, used 160K [0x00000000d5580000, 0x00000000d5a80000, 0x0000000100000000)
  eden space 2560K, 0% used [0x00000000d5580000,0x00000000d5580000,0x00000000d5800000)
  from space 512K, 31% used [0x00000000d5980000,0x00000000d59a8000,0x00000000d5a00000)
  to   space 512K, 0% used [0x00000000d5a00000,0x00000000d5a00000,0x00000000d5a80000)
 ParOldGen       total 1051648K, used 1051512K [0x0000000080000000, 0x00000000c0300000, 0x00000000d5580000)
  object space 1051648K, 99% used [0x0000000080000000,0x00000000c02de230,0x00000000c0300000)
 Metaspace       used 96780K, committed 98816K, reserved 1179648K
  class space    used 9874K, committed 10752K, reserved 1048576K
}
Event: 1006.618 GC heap before
{Heap before GC invocations=2975 (full 5):
 PSYoungGen      total 3072K, used 2719K [0x00000000d5580000, 0x00000000d5a80000, 0x0000000100000000)
  eden space 2560K, 99% used [0x00000000d5580000,0x00000000d57ffdf0,0x00000000d5800000)
  from space 512K, 31% used [0x00000000d5980000,0x00000000d59a8000,0x00000000d5a00000)
  to   space 512K, 0% used [0x00000000d5a00000,0x00000000d5a00000,0x00000000d5a80000)
 ParOldGen       total 1051648K, used 1051512K [0x0000000080000000, 0x00000000c0300000, 0x00000000d5580000)
  object space 1051648K, 99% used [0x0000000080000000,0x00000000c02de230,0x00000000c0300000)
 Metaspace       used 96781K, committed 98816K, reserved 1179648K
  class space    used 9874K, committed 10752K, reserved 1048576K
}
Event: 1006.620 GC heap after
{Heap after GC invocations=2975 (full 5):
 PSYoungGen      total 3072K, used 240K [0x00000000d5580000, 0x00000000d5a80000, 0x0000000100000000)
  eden space 2560K, 0% used [0x00000000d5580000,0x00000000d5580000,0x00000000d5800000)
  from space 512K, 46% used [0x00000000d5a00000,0x00000000d5a3c010,0x00000000d5a80000)
  to   space 512K, 0% used [0x00000000d5980000,0x00000000d5980000,0x00000000d5a00000)
 ParOldGen       total 1051648K, used 1051544K [0x0000000080000000, 0x00000000c0300000, 0x00000000d5580000)
  object space 1051648K, 99% used [0x0000000080000000,0x00000000c02e6230,0x00000000c0300000)
 Metaspace       used 96781K, committed 98816K, reserved 1179648K
  class space    used 9874K, committed 10752K, reserved 1048576K
}
Event: 1031.518 GC heap before
{Heap before GC invocations=2976 (full 5):
 PSYoungGen      total 3072K, used 2800K [0x00000000d5580000, 0x00000000d5a80000, 0x0000000100000000)
  eden space 2560K, 100% used [0x00000000d5580000,0x00000000d5800000,0x00000000d5800000)
  from space 512K, 46% used [0x00000000d5a00000,0x00000000d5a3c010,0x00000000d5a80000)
  to   space 512K, 0% used [0x00000000d5980000,0x00000000d5980000,0x00000000d5a00000)
 ParOldGen       total 1051648K, used 1051544K [0x0000000080000000, 0x00000000c0300000, 0x00000000d5580000)
  object space 1051648K, 99% used [0x0000000080000000,0x00000000c02e6230,0x00000000c0300000)
 Metaspace       used 96784K, committed 98816K, reserved 1179648K
  class space    used 9874K, committed 10752K, reserved 1048576K
}
Event: 1031.521 GC heap after
{Heap after GC invocations=2976 (full 5):
 PSYoungGen      total 3072K, used 338K [0x00000000d5580000, 0x00000000d5a80000, 0x0000000100000000)
  eden space 2560K, 0% used [0x00000000d5580000,0x00000000d5580000,0x00000000d5800000)
  from space 512K, 66% used [0x00000000d5980000,0x00000000d59d4928,0x00000000d5a00000)
  to   space 512K, 0% used [0x00000000d5a00000,0x00000000d5a00000,0x00000000d5a80000)
 ParOldGen       total 1051648K, used 1051608K [0x0000000080000000, 0x00000000c0300000, 0x00000000d5580000)
  object space 1051648K, 99% used [0x0000000080000000,0x00000000c02f6230,0x00000000c0300000)
 Metaspace       used 96784K, committed 98816K, reserved 1179648K
  class space    used 9874K, committed 10752K, reserved 1048576K
}
Event: 1031.548 GC heap before
{Heap before GC invocations=2977 (full 5):
 PSYoungGen      total 3072K, used 2821K [0x00000000d5580000, 0x00000000d5a80000, 0x0000000100000000)
  eden space 2560K, 97% used [0x00000000d5580000,0x00000000d57ecce8,0x00000000d5800000)
  from space 512K, 66% used [0x00000000d5980000,0x00000000d59d4928,0x00000000d5a00000)
  to   space 512K, 0% used [0x00000000d5a00000,0x00000000d5a00000,0x00000000d5a80000)
 ParOldGen       total 1051648K, used 1051608K [0x0000000080000000, 0x00000000c0300000, 0x00000000d5580000)
  object space 1051648K, 99% used [0x0000000080000000,0x00000000c02f6230,0x00000000c0300000)
 Metaspace       used 96784K, committed 98816K, reserved 1179648K
  class space    used 9874K, committed 10752K, reserved 1048576K
}
Event: 1031.550 GC heap after
{Heap after GC invocations=2977 (full 5):
 PSYoungGen      total 3072K, used 128K [0x00000000d5580000, 0x00000000d5a80000, 0x0000000100000000)
  eden space 2560K, 0% used [0x00000000d5580000,0x00000000d5580000,0x00000000d5800000)
  from space 512K, 25% used [0x00000000d5a00000,0x00000000d5a20000,0x00000000d5a80000)
  to   space 512K, 0% used [0x00000000d5980000,0x00000000d5980000,0x00000000d5a00000)
 ParOldGen       total 1052160K, used 1051760K [0x0000000080000000, 0x00000000c0380000, 0x00000000d5580000)
  object space 1052160K, 99% used [0x0000000080000000,0x00000000c031c230,0x00000000c0380000)
 Metaspace       used 96784K, committed 98816K, reserved 1179648K
  class space    used 9874K, committed 10752K, reserved 1048576K
}
Event: 1031.583 GC heap before
{Heap before GC invocations=2978 (full 5):
 PSYoungGen      total 3072K, used 2688K [0x00000000d5580000, 0x00000000d5a80000, 0x0000000100000000)
  eden space 2560K, 100% used [0x00000000d5580000,0x00000000d5800000,0x00000000d5800000)
  from space 512K, 25% used [0x00000000d5a00000,0x00000000d5a20000,0x00000000d5a80000)
  to   space 512K, 0% used [0x00000000d5980000,0x00000000d5980000,0x00000000d5a00000)
 ParOldGen       total 1052160K, used 1051760K [0x0000000080000000, 0x00000000c0380000, 0x00000000d5580000)
  object space 1052160K, 99% used [0x0000000080000000,0x00000000c031c230,0x00000000c0380000)
 Metaspace       used 96784K, committed 98816K, reserved 1179648K
  class space    used 9874K, committed 10752K, reserved 1048576K
}
Event: 1031.585 GC heap after
{Heap after GC invocations=2978 (full 5):
 PSYoungGen      total 3072K, used 309K [0x00000000d5580000, 0x00000000d5a80000, 0x0000000100000000)
  eden space 2560K, 0% used [0x00000000d5580000,0x00000000d5580000,0x00000000d5800000)
  from space 512K, 60% used [0x00000000d5980000,0x00000000d59cd518,0x00000000d5a00000)
  to   space 512K, 0% used [0x00000000d5a00000,0x00000000d5a00000,0x00000000d5a80000)
 ParOldGen       total 1052160K, used 1051776K [0x0000000080000000, 0x00000000c0380000, 0x00000000d5580000)
  object space 1052160K, 99% used [0x0000000080000000,0x00000000c0320230,0x00000000c0380000)
 Metaspace       used 96784K, committed 98816K, reserved 1179648K
  class space    used 9874K, committed 10752K, reserved 1048576K
}
Event: 1031.623 GC heap before
{Heap before GC invocations=2979 (full 5):
 PSYoungGen      total 3072K, used 2869K [0x00000000d5580000, 0x00000000d5a80000, 0x0000000100000000)
  eden space 2560K, 100% used [0x00000000d5580000,0x00000000d5800000,0x00000000d5800000)
  from space 512K, 60% used [0x00000000d5980000,0x00000000d59cd518,0x00000000d5a00000)
  to   space 512K, 0% used [0x00000000d5a00000,0x00000000d5a00000,0x00000000d5a80000)
 ParOldGen       total 1052160K, used 1051776K [0x0000000080000000, 0x00000000c0380000, 0x00000000d5580000)
  object space 1052160K, 99% used [0x0000000080000000,0x00000000c0320230,0x00000000c0380000)
 Metaspace       used 96784K, committed 98816K, reserved 1179648K
  class space    used 9874K, committed 10752K, reserved 1048576K
}
Event: 1031.625 GC heap after
{Heap after GC invocations=2979 (full 5):
 PSYoungGen      total 3072K, used 128K [0x00000000d5580000, 0x00000000d5a80000, 0x0000000100000000)
  eden space 2560K, 0% used [0x00000000d5580000,0x00000000d5580000,0x00000000d5800000)
  from space 512K, 25% used [0x00000000d5a00000,0x00000000d5a20000,0x00000000d5a80000)
  to   space 512K, 0% used [0x00000000d5980000,0x00000000d5980000,0x00000000d5a00000)
 ParOldGen       total 1052160K, used 1051792K [0x0000000080000000, 0x00000000c0380000, 0x00000000d5580000)
  object space 1052160K, 99% used [0x0000000080000000,0x00000000c0324230,0x00000000c0380000)
 Metaspace       used 96784K, committed 98816K, reserved 1179648K
  class space    used 9874K, committed 10752K, reserved 1048576K
}
Event: 1031.781 GC heap before
{Heap before GC invocations=2980 (full 5):
 PSYoungGen      total 3072K, used 2687K [0x00000000d5580000, 0x00000000d5a80000, 0x0000000100000000)
  eden space 2560K, 99% used [0x00000000d5580000,0x00000000d57ffe10,0x00000000d5800000)
  from space 512K, 25% used [0x00000000d5a00000,0x00000000d5a20000,0x00000000d5a80000)
  to   space 512K, 0% used [0x00000000d5980000,0x00000000d5980000,0x00000000d5a00000)
 ParOldGen       total 1052160K, used 1051792K [0x0000000080000000, 0x00000000c0380000, 0x00000000d5580000)
  object space 1052160K, 99% used [0x0000000080000000,0x00000000c0324230,0x00000000c0380000)
 Metaspace       used 96784K, committed 98816K, reserved 1179648K
  class space    used 9874K, committed 10752K, reserved 1048576K
}
Event: 1031.783 GC heap after
{Heap after GC invocations=2980 (full 5):
 PSYoungGen      total 3072K, used 208K [0x00000000d5580000, 0x00000000d5a80000, 0x0000000100000000)
  eden space 2560K, 0% used [0x00000000d5580000,0x00000000d5580000,0x00000000d5800000)
  from space 512K, 40% used [0x00000000d5980000,0x00000000d59b4010,0x00000000d5a00000)
  to   space 512K, 0% used [0x00000000d5a00000,0x00000000d5a00000,0x00000000d5a80000)
 ParOldGen       total 1052160K, used 1051816K [0x0000000080000000, 0x00000000c0380000, 0x00000000d5580000)
  object space 1052160K, 99% used [0x0000000080000000,0x00000000c032a230,0x00000000c0380000)
 Metaspace       used 96784K, committed 98816K, reserved 1179648K
  class space    used 9874K, committed 10752K, reserved 1048576K
}

